<?xml version="1.0" encoding="UTF-8"?>
<!-- Generated by org.testng.reporters.JUnitReportReporter -->
<testsuite hostname="DESKTOP-7DGNRCH" failures="0" tests="4" name="Tests.Base" time="10.485" errors="0" timestamp="2023-07-13T16:25:48 IST" skipped="0">
  <testcase classname="Tests.Base" name="navigateToWeatherData" time="7.041"/>
  <system-out/>
  <testcase classname="Tests.Base" name="searchCityWeatherData" time="1.917"/>
  <system-out/>
  <testcase classname="Tests.Base" name="weatherForcastValidation" time="1.331"/>
  <system-out/>
  <testcase classname="Tests.Base" name="graphicalGridValidation" time="0.196"/>
  <system-out/>
</testsuite> <!-- Tests.Base -->
